{
  "RSpec": {
    "coverage": {
      "/Users/charissalawrence/Documents/Turing/Module3_pt2/RailsEngine/app/models/customer.rb": [
        1,
        1,
        1,
        null
      ],
      "/Users/charissalawrence/Documents/Turing/Module3_pt2/RailsEngine/app/models/invoice_item.rb": [
        1,
        1,
        1,
        null,
        6,
        null
      ],
      "/Users/charissalawrence/Documents/Turing/Module3_pt2/RailsEngine/app/models/invoice.rb": [
        1,
        1,
        1,
        1,
        1,
        1,
        null
      ],
      "/Users/charissalawrence/Documents/Turing/Module3_pt2/RailsEngine/app/models/item.rb": [
        1,
        1,
        1,
        1,
        null,
        5,
        null
      ],
      "/Users/charissalawrence/Documents/Turing/Module3_pt2/RailsEngine/app/models/merchant.rb": [
        1,
        1,
        1,
        null,
        1,
        0,
        null,
        null,
        0,
        0,
        null,
        0,
        null,
        null,
        1,
        0,
        null,
        null,
        null,
        0,
        0,
        null,
        0,
        null,
        null,
        1,
        0,
        null,
        null,
        0,
        null,
        null,
        null,
        null,
        0,
        null,
        null,
        1,
        0,
        null,
        null,
        0,
        0,
        null,
        0,
        null,
        null,
        null
      ],
      "/Users/charissalawrence/Documents/Turing/Module3_pt2/RailsEngine/app/models/transaction.rb": [
        1,
        1,
        null
      ],
      "/Users/charissalawrence/Documents/Turing/Module3_pt2/RailsEngine/app/controllers/api/v1/invoice_items_controller.rb": [
        1,
        null,
        1,
        null,
        1,
        1,
        null,
        null,
        1,
        1,
        1,
        null,
        null
      ],
      "/Users/charissalawrence/Documents/Turing/Module3_pt2/RailsEngine/app/controllers/application_controller.rb": [
        1,
        null,
        null,
        1,
        null
      ],
      "/Users/charissalawrence/Documents/Turing/Module3_pt2/RailsEngine/app/helpers/application_helper.rb": [
        1,
        null
      ],
      "/Users/charissalawrence/Documents/Turing/Module3_pt2/RailsEngine/app/serializers/invoice_item_serializer.rb": [
        1,
        1,
        null,
        1,
        5,
        null,
        null
      ],
      "/Users/charissalawrence/Documents/Turing/Module3_pt2/RailsEngine/app/controllers/api/v1/merchants_controller.rb": [
        1,
        null,
        null,
        1,
        null,
        1,
        1,
        1,
        null,
        null,
        1,
        1,
        1,
        null,
        null,
        null,
        null,
        null,
        null
      ],
      "/Users/charissalawrence/Documents/Turing/Module3_pt2/RailsEngine/app/controllers/api/v1/invoices_controller.rb": [
        1,
        null,
        1,
        null,
        1,
        1,
        null,
        null,
        1,
        1,
        1,
        null,
        null
      ],
      "/Users/charissalawrence/Documents/Turing/Module3_pt2/RailsEngine/app/controllers/api/v1/items_controller.rb": [
        1,
        null,
        1,
        null,
        1,
        1,
        null,
        null,
        1,
        1,
        1,
        null,
        null
      ],
      "/Users/charissalawrence/Documents/Turing/Module3_pt2/RailsEngine/app/serializers/item_serializer.rb": [
        1,
        1,
        null,
        1,
        4,
        null,
        null
      ],
      "/Users/charissalawrence/Documents/Turing/Module3_pt2/RailsEngine/app/controllers/api/v1/customers_controller.rb": [
        1,
        null,
        1,
        null,
        1,
        1,
        null,
        null,
        1,
        1,
        null,
        null
      ],
      "/Users/charissalawrence/Documents/Turing/Module3_pt2/RailsEngine/app/controllers/api/v1/customers/invoices_controller.rb": [
        0,
        0,
        0,
        0,
        0,
        0,
        0,
        0,
        0
      ],
      "/Users/charissalawrence/Documents/Turing/Module3_pt2/RailsEngine/app/controllers/api/v1/customers/search_controller.rb": [
        0,
        0,
        0,
        0,
        0,
        0,
        0,
        0,
        0,
        0,
        0,
        0,
        0,
        0,
        0,
        0,
        0,
        0,
        0
      ],
      "/Users/charissalawrence/Documents/Turing/Module3_pt2/RailsEngine/app/controllers/api/v1/customers/transactions_controller.rb": [
        0,
        0,
        0,
        0,
        0,
        0,
        0,
        0,
        0,
        0,
        0,
        0,
        0,
        0,
        0
      ],
      "/Users/charissalawrence/Documents/Turing/Module3_pt2/RailsEngine/app/controllers/api/v1/invoice_items/invoices_controller.rb": [
        0,
        0,
        0,
        0,
        0,
        0,
        0,
        0,
        0,
        0
      ],
      "/Users/charissalawrence/Documents/Turing/Module3_pt2/RailsEngine/app/controllers/api/v1/invoice_items/items_controller.rb": [
        0,
        0,
        0,
        0,
        0,
        0,
        0,
        0,
        0,
        0,
        0,
        0
      ],
      "/Users/charissalawrence/Documents/Turing/Module3_pt2/RailsEngine/app/controllers/api/v1/invoice_items/search_controller.rb": [
        0,
        0,
        0,
        0,
        0,
        0,
        0,
        0,
        0,
        0,
        0,
        0,
        0,
        0,
        0,
        0,
        0
      ],
      "/Users/charissalawrence/Documents/Turing/Module3_pt2/RailsEngine/app/controllers/api/v1/invoices/customers_controller.rb": [
        0,
        0,
        0,
        0,
        0,
        0,
        0,
        0,
        0,
        0,
        0,
        0,
        0
      ],
      "/Users/charissalawrence/Documents/Turing/Module3_pt2/RailsEngine/app/controllers/api/v1/invoices/invoice_items_controller.rb": [
        0,
        0,
        0,
        0,
        0,
        0,
        0,
        0
      ],
      "/Users/charissalawrence/Documents/Turing/Module3_pt2/RailsEngine/app/controllers/api/v1/invoices/items_controller.rb": [
        0,
        0,
        0,
        0,
        0,
        0,
        0,
        0,
        0,
        0,
        0,
        0,
        0
      ],
      "/Users/charissalawrence/Documents/Turing/Module3_pt2/RailsEngine/app/controllers/api/v1/invoices/merchants_controller.rb": [
        0,
        0,
        0,
        0,
        0,
        0,
        0,
        0,
        0,
        0
      ],
      "/Users/charissalawrence/Documents/Turing/Module3_pt2/RailsEngine/app/controllers/api/v1/invoices/search_controller.rb": [
        0,
        0,
        0,
        0,
        0,
        0,
        0,
        0,
        0,
        0,
        0,
        0,
        0,
        0,
        0,
        0,
        0
      ],
      "/Users/charissalawrence/Documents/Turing/Module3_pt2/RailsEngine/app/controllers/api/v1/invoices/transactions_controller.rb": [
        0,
        0,
        0,
        0,
        0,
        0,
        0,
        0
      ],
      "/Users/charissalawrence/Documents/Turing/Module3_pt2/RailsEngine/app/controllers/api/v1/items/invoice_items_controller.rb": [
        0,
        0,
        0,
        0,
        0,
        0,
        0,
        0,
        0
      ],
      "/Users/charissalawrence/Documents/Turing/Module3_pt2/RailsEngine/app/controllers/api/v1/items/merchants_controller.rb": [
        0,
        0,
        0,
        0,
        0,
        0,
        0,
        0,
        0
      ],
      "/Users/charissalawrence/Documents/Turing/Module3_pt2/RailsEngine/app/controllers/api/v1/items/search_controller.rb": [
        0,
        0,
        0,
        0,
        0,
        0,
        0,
        0,
        0,
        0,
        0,
        0,
        0,
        0,
        0,
        0,
        0,
        0,
        0
      ],
      "/Users/charissalawrence/Documents/Turing/Module3_pt2/RailsEngine/app/controllers/api/v1/merchants/favorites_controller.rb": [
        0,
        0,
        0,
        0,
        0,
        0,
        0,
        0
      ],
      "/Users/charissalawrence/Documents/Turing/Module3_pt2/RailsEngine/app/controllers/api/v1/merchants/invoices_controller.rb": [
        0,
        0,
        0,
        0,
        0,
        0,
        0,
        0,
        0
      ],
      "/Users/charissalawrence/Documents/Turing/Module3_pt2/RailsEngine/app/controllers/api/v1/merchants/items_controller.rb": [
        0,
        0,
        0,
        0,
        0,
        0,
        0,
        0
      ],
      "/Users/charissalawrence/Documents/Turing/Module3_pt2/RailsEngine/app/controllers/api/v1/merchants/pending_controller.rb": [
        0,
        0,
        0,
        0,
        0,
        0,
        0,
        0,
        0
      ],
      "/Users/charissalawrence/Documents/Turing/Module3_pt2/RailsEngine/app/controllers/api/v1/merchants/revenue_all_controller.rb": [
        0,
        0,
        0,
        0,
        0,
        0,
        0,
        0,
        0
      ],
      "/Users/charissalawrence/Documents/Turing/Module3_pt2/RailsEngine/app/controllers/api/v1/merchants/revenue_controller.rb": [
        0,
        0,
        0,
        0,
        0,
        0,
        0,
        0,
        0,
        0,
        0,
        0,
        0
      ],
      "/Users/charissalawrence/Documents/Turing/Module3_pt2/RailsEngine/app/controllers/api/v1/merchants/search_controller.rb": [
        0,
        0,
        0,
        0,
        0,
        0,
        0,
        0,
        0,
        0,
        0,
        0,
        0,
        0,
        0,
        0,
        0,
        0,
        0
      ],
      "/Users/charissalawrence/Documents/Turing/Module3_pt2/RailsEngine/app/controllers/api/v1/transactions/invoices_controller.rb": [
        0,
        0,
        0,
        0,
        0,
        0,
        0,
        0,
        0,
        0,
        0
      ],
      "/Users/charissalawrence/Documents/Turing/Module3_pt2/RailsEngine/app/controllers/api/v1/transactions/search_controller.rb": [
        0,
        0,
        0,
        0,
        0,
        0,
        0,
        0,
        0,
        0,
        0,
        0,
        0,
        0,
        0,
        0,
        0,
        0
      ],
      "/Users/charissalawrence/Documents/Turing/Module3_pt2/RailsEngine/app/controllers/api/v1/transactions_controller.rb": [
        0,
        0,
        0,
        0,
        0,
        0,
        0,
        0,
        0,
        0,
        0,
        0,
        0,
        0,
        0,
        0,
        0,
        0,
        0
      ],
      "/Users/charissalawrence/Documents/Turing/Module3_pt2/RailsEngine/app/serializers/transaction_serializer.rb": [
        0,
        0,
        0,
        0,
        0,
        0,
        0
      ]
    },
    "timestamp": 1460655329
  }
}
